mode: set
github.com/cisco/gpu-telemetry-pipeline/internal/api/handlers/handlers.go:23.83,29.2 1 1
github.com/cisco/gpu-telemetry-pipeline/internal/api/handlers/handlers.go:61.47,63.16 2 1
github.com/cisco/gpu-telemetry-pipeline/internal/api/handlers/handlers.go:63.16,70.3 2 0
github.com/cisco/gpu-telemetry-pipeline/internal/api/handlers/handlers.go:72.2,75.4 1 1
github.com/cisco/gpu-telemetry-pipeline/internal/api/handlers/handlers.go:89.45,91.16 2 1
github.com/cisco/gpu-telemetry-pipeline/internal/api/handlers/handlers.go:91.16,98.3 2 0
github.com/cisco/gpu-telemetry-pipeline/internal/api/handlers/handlers.go:100.2,101.16 2 1
github.com/cisco/gpu-telemetry-pipeline/internal/api/handlers/handlers.go:101.16,108.3 2 0
github.com/cisco/gpu-telemetry-pipeline/internal/api/handlers/handlers.go:110.2,110.16 1 1
github.com/cisco/gpu-telemetry-pipeline/internal/api/handlers/handlers.go:110.16,117.3 2 1
github.com/cisco/gpu-telemetry-pipeline/internal/api/handlers/handlers.go:119.2,119.28 1 1
github.com/cisco/gpu-telemetry-pipeline/internal/api/handlers/handlers.go:139.54,141.16 2 1
github.com/cisco/gpu-telemetry-pipeline/internal/api/handlers/handlers.go:141.16,148.3 2 0
github.com/cisco/gpu-telemetry-pipeline/internal/api/handlers/handlers.go:151.2,152.16 2 1
github.com/cisco/gpu-telemetry-pipeline/internal/api/handlers/handlers.go:152.16,159.3 2 0
github.com/cisco/gpu-telemetry-pipeline/internal/api/handlers/handlers.go:161.2,161.16 1 1
github.com/cisco/gpu-telemetry-pipeline/internal/api/handlers/handlers.go:161.16,168.3 2 1
github.com/cisco/gpu-telemetry-pipeline/internal/api/handlers/handlers.go:171.2,178.63 2 1
github.com/cisco/gpu-telemetry-pipeline/internal/api/handlers/handlers.go:178.63,180.17 2 1
github.com/cisco/gpu-telemetry-pipeline/internal/api/handlers/handlers.go:180.17,187.4 2 1
github.com/cisco/gpu-telemetry-pipeline/internal/api/handlers/handlers.go:188.3,188.31 1 1
github.com/cisco/gpu-telemetry-pipeline/internal/api/handlers/handlers.go:192.2,192.57 1 1
github.com/cisco/gpu-telemetry-pipeline/internal/api/handlers/handlers.go:192.57,194.17 2 1
github.com/cisco/gpu-telemetry-pipeline/internal/api/handlers/handlers.go:194.17,201.4 2 0
github.com/cisco/gpu-telemetry-pipeline/internal/api/handlers/handlers.go:202.3,202.27 1 1
github.com/cisco/gpu-telemetry-pipeline/internal/api/handlers/handlers.go:206.2,206.60 1 1
github.com/cisco/gpu-telemetry-pipeline/internal/api/handlers/handlers.go:206.60,208.3 1 1
github.com/cisco/gpu-telemetry-pipeline/internal/api/handlers/handlers.go:211.2,211.50 1 1
github.com/cisco/gpu-telemetry-pipeline/internal/api/handlers/handlers.go:211.50,213.30 2 1
github.com/cisco/gpu-telemetry-pipeline/internal/api/handlers/handlers.go:213.30,220.4 2 1
github.com/cisco/gpu-telemetry-pipeline/internal/api/handlers/handlers.go:221.3,221.25 1 1
github.com/cisco/gpu-telemetry-pipeline/internal/api/handlers/handlers.go:221.25,223.4 1 0
github.com/cisco/gpu-telemetry-pipeline/internal/api/handlers/handlers.go:224.3,224.22 1 1
github.com/cisco/gpu-telemetry-pipeline/internal/api/handlers/handlers.go:228.2,228.53 1 1
github.com/cisco/gpu-telemetry-pipeline/internal/api/handlers/handlers.go:228.53,230.31 2 1
github.com/cisco/gpu-telemetry-pipeline/internal/api/handlers/handlers.go:230.31,237.4 2 1
github.com/cisco/gpu-telemetry-pipeline/internal/api/handlers/handlers.go:238.3,238.24 1 1
github.com/cisco/gpu-telemetry-pipeline/internal/api/handlers/handlers.go:242.2,243.16 2 1
github.com/cisco/gpu-telemetry-pipeline/internal/api/handlers/handlers.go:243.16,250.3 2 0
github.com/cisco/gpu-telemetry-pipeline/internal/api/handlers/handlers.go:252.2,257.4 1 1
github.com/cisco/gpu-telemetry-pipeline/internal/api/handlers/handlers.go:271.40,273.2 1 1
github.com/cisco/gpu-telemetry-pipeline/internal/api/handlers/handlers.go:283.48,289.2 1 1
github.com/cisco/gpu-telemetry-pipeline/internal/api/handlers/handlers.go:299.47,305.2 1 1
github.com/cisco/gpu-telemetry-pipeline/internal/api/handlers/handlers.go:321.59,323.2 1 1
github.com/cisco/gpu-telemetry-pipeline/internal/api/handlers/handlers.go:333.49,341.34 3 1
github.com/cisco/gpu-telemetry-pipeline/internal/api/handlers/handlers.go:341.34,343.3 1 1
github.com/cisco/gpu-telemetry-pipeline/internal/api/handlers/handlers.go:344.2,344.34 1 1
github.com/cisco/gpu-telemetry-pipeline/internal/api/handlers/handlers.go:344.34,346.3 1 1
github.com/cisco/gpu-telemetry-pipeline/internal/api/handlers/handlers.go:348.2,348.33 1 1
github.com/cisco/gpu-telemetry-pipeline/internal/storage/memory.go:68.40,73.2 1 1
github.com/cisco/gpu-telemetry-pipeline/internal/storage/memory.go:76.84,82.13 4 1
github.com/cisco/gpu-telemetry-pipeline/internal/storage/memory.go:82.13,94.3 3 1
github.com/cisco/gpu-telemetry-pipeline/internal/storage/memory.go:94.8,95.43 1 1
github.com/cisco/gpu-telemetry-pipeline/internal/storage/memory.go:95.43,97.4 1 1
github.com/cisco/gpu-telemetry-pipeline/internal/storage/memory.go:98.3,98.45 1 1
github.com/cisco/gpu-telemetry-pipeline/internal/storage/memory.go:98.45,100.4 1 1
github.com/cisco/gpu-telemetry-pipeline/internal/storage/memory.go:104.2,108.84 3 1
github.com/cisco/gpu-telemetry-pipeline/internal/storage/memory.go:108.84,110.3 1 1
github.com/cisco/gpu-telemetry-pipeline/internal/storage/memory.go:111.2,111.50 1 1
github.com/cisco/gpu-telemetry-pipeline/internal/storage/memory.go:111.50,113.3 1 1
github.com/cisco/gpu-telemetry-pipeline/internal/storage/memory.go:115.2,115.12 1 1
github.com/cisco/gpu-telemetry-pipeline/internal/storage/memory.go:119.92,120.33 1 1
github.com/cisco/gpu-telemetry-pipeline/internal/storage/memory.go:120.33,121.46 1 1
github.com/cisco/gpu-telemetry-pipeline/internal/storage/memory.go:121.46,123.4 1 0
github.com/cisco/gpu-telemetry-pipeline/internal/storage/memory.go:125.2,125.12 1 1
github.com/cisco/gpu-telemetry-pipeline/internal/storage/memory.go:129.81,134.29 4 1
github.com/cisco/gpu-telemetry-pipeline/internal/storage/memory.go:134.29,137.3 2 1
github.com/cisco/gpu-telemetry-pipeline/internal/storage/memory.go:140.2,140.39 1 1
github.com/cisco/gpu-telemetry-pipeline/internal/storage/memory.go:140.39,141.43 1 1
github.com/cisco/gpu-telemetry-pipeline/internal/storage/memory.go:141.43,143.4 1 0
github.com/cisco/gpu-telemetry-pipeline/internal/storage/memory.go:144.3,144.39 1 1
github.com/cisco/gpu-telemetry-pipeline/internal/storage/memory.go:147.2,147.18 1 1
github.com/cisco/gpu-telemetry-pipeline/internal/storage/memory.go:151.97,156.13 4 1
github.com/cisco/gpu-telemetry-pipeline/internal/storage/memory.go:156.13,158.3 1 1
github.com/cisco/gpu-telemetry-pipeline/internal/storage/memory.go:160.2,161.22 2 1
github.com/cisco/gpu-telemetry-pipeline/internal/storage/memory.go:165.118,173.22 5 1
github.com/cisco/gpu-telemetry-pipeline/internal/storage/memory.go:173.22,175.3 1 1
github.com/cisco/gpu-telemetry-pipeline/internal/storage/memory.go:175.8,176.31 1 0
github.com/cisco/gpu-telemetry-pipeline/internal/storage/memory.go:176.31,178.4 1 0
github.com/cisco/gpu-telemetry-pipeline/internal/storage/memory.go:181.2,181.29 1 1
github.com/cisco/gpu-telemetry-pipeline/internal/storage/memory.go:181.29,183.34 2 1
github.com/cisco/gpu-telemetry-pipeline/internal/storage/memory.go:183.34,184.37 1 1
github.com/cisco/gpu-telemetry-pipeline/internal/storage/memory.go:184.37,187.5 2 1
github.com/cisco/gpu-telemetry-pipeline/internal/storage/memory.go:192.2,192.42 1 1
github.com/cisco/gpu-telemetry-pipeline/internal/storage/memory.go:192.42,194.3 1 1
github.com/cisco/gpu-telemetry-pipeline/internal/storage/memory.go:197.2,197.53 1 1
github.com/cisco/gpu-telemetry-pipeline/internal/storage/memory.go:197.53,199.3 1 1
github.com/cisco/gpu-telemetry-pipeline/internal/storage/memory.go:199.8,199.41 1 1
github.com/cisco/gpu-telemetry-pipeline/internal/storage/memory.go:199.41,201.3 1 1
github.com/cisco/gpu-telemetry-pipeline/internal/storage/memory.go:203.2,203.51 1 1
github.com/cisco/gpu-telemetry-pipeline/internal/storage/memory.go:203.51,205.3 1 1
github.com/cisco/gpu-telemetry-pipeline/internal/storage/memory.go:207.2,207.21 1 1
github.com/cisco/gpu-telemetry-pipeline/internal/storage/memory.go:211.99,212.63 1 1
github.com/cisco/gpu-telemetry-pipeline/internal/storage/memory.go:212.63,214.3 1 0
github.com/cisco/gpu-telemetry-pipeline/internal/storage/memory.go:216.2,216.56 1 1
github.com/cisco/gpu-telemetry-pipeline/internal/storage/memory.go:216.56,218.3 1 0
github.com/cisco/gpu-telemetry-pipeline/internal/storage/memory.go:220.2,220.69 1 1
github.com/cisco/gpu-telemetry-pipeline/internal/storage/memory.go:220.69,222.3 1 1
github.com/cisco/gpu-telemetry-pipeline/internal/storage/memory.go:224.2,224.73 1 1
github.com/cisco/gpu-telemetry-pipeline/internal/storage/memory.go:224.73,226.3 1 1
github.com/cisco/gpu-telemetry-pipeline/internal/storage/memory.go:228.2,228.68 1 1
github.com/cisco/gpu-telemetry-pipeline/internal/storage/memory.go:228.68,230.3 1 1
github.com/cisco/gpu-telemetry-pipeline/internal/storage/memory.go:232.2,232.13 1 1
github.com/cisco/gpu-telemetry-pipeline/internal/storage/memory.go:236.135,243.2 2 1
github.com/cisco/gpu-telemetry-pipeline/internal/storage/memory.go:246.98,253.39 5 1
github.com/cisco/gpu-telemetry-pipeline/internal/storage/memory.go:253.39,255.34 2 1
github.com/cisco/gpu-telemetry-pipeline/internal/storage/memory.go:255.34,256.38 1 1
github.com/cisco/gpu-telemetry-pipeline/internal/storage/memory.go:256.38,258.5 1 1
github.com/cisco/gpu-telemetry-pipeline/internal/storage/memory.go:258.10,260.5 1 1
github.com/cisco/gpu-telemetry-pipeline/internal/storage/memory.go:262.3,262.29 1 1
github.com/cisco/gpu-telemetry-pipeline/internal/storage/memory.go:265.2,266.21 2 1
github.com/cisco/gpu-telemetry-pipeline/internal/storage/memory.go:270.46,280.2 3 1
github.com/cisco/gpu-telemetry-pipeline/internal/storage/memory.go:283.39,292.2 6 1
github.com/cisco/gpu-telemetry-pipeline/internal/mq/client.go:40.41,48.2 1 0
github.com/cisco/gpu-telemetry-pipeline/internal/mq/client.go:51.45,61.2 2 0
github.com/cisco/gpu-telemetry-pipeline/internal/mq/client.go:91.34,95.24 3 0
github.com/cisco/gpu-telemetry-pipeline/internal/mq/client.go:95.24,97.3 1 0
github.com/cisco/gpu-telemetry-pipeline/internal/mq/client.go:99.2,100.16 2 0
github.com/cisco/gpu-telemetry-pipeline/internal/mq/client.go:100.16,102.3 1 0
github.com/cisco/gpu-telemetry-pipeline/internal/mq/client.go:104.2,111.12 5 0
github.com/cisco/gpu-telemetry-pipeline/internal/mq/client.go:115.32,120.19 4 0
github.com/cisco/gpu-telemetry-pipeline/internal/mq/client.go:120.19,126.3 5 0
github.com/cisco/gpu-telemetry-pipeline/internal/mq/client.go:127.2,128.12 2 0
github.com/cisco/gpu-telemetry-pipeline/internal/mq/client.go:132.37,134.2 1 0
github.com/cisco/gpu-telemetry-pipeline/internal/mq/client.go:137.58,138.25 1 0
github.com/cisco/gpu-telemetry-pipeline/internal/mq/client.go:138.25,140.3 1 0
github.com/cisco/gpu-telemetry-pipeline/internal/mq/client.go:142.2,145.19 3 0
github.com/cisco/gpu-telemetry-pipeline/internal/mq/client.go:145.19,147.3 1 0
github.com/cisco/gpu-telemetry-pipeline/internal/mq/client.go:149.2,150.16 2 0
github.com/cisco/gpu-telemetry-pipeline/internal/mq/client.go:150.16,152.3 1 0
github.com/cisco/gpu-telemetry-pipeline/internal/mq/client.go:155.2,163.75 3 0
github.com/cisco/gpu-telemetry-pipeline/internal/mq/client.go:163.75,165.3 1 0
github.com/cisco/gpu-telemetry-pipeline/internal/mq/client.go:167.2,167.48 1 0
github.com/cisco/gpu-telemetry-pipeline/internal/mq/client.go:167.48,169.3 1 0
github.com/cisco/gpu-telemetry-pipeline/internal/mq/client.go:171.2,171.46 1 0
github.com/cisco/gpu-telemetry-pipeline/internal/mq/client.go:171.46,173.3 1 0
github.com/cisco/gpu-telemetry-pipeline/internal/mq/client.go:175.2,175.12 1 0
github.com/cisco/gpu-telemetry-pipeline/internal/mq/client.go:179.32,183.6 3 0
github.com/cisco/gpu-telemetry-pipeline/internal/mq/client.go:183.6,184.10 1 0
github.com/cisco/gpu-telemetry-pipeline/internal/mq/client.go:185.23,186.10 1 0
github.com/cisco/gpu-telemetry-pipeline/internal/mq/client.go:187.11,187.11 0 0
github.com/cisco/gpu-telemetry-pipeline/internal/mq/client.go:190.3,190.43 1 0
github.com/cisco/gpu-telemetry-pipeline/internal/mq/client.go:190.43,192.4 1 0
github.com/cisco/gpu-telemetry-pipeline/internal/mq/client.go:195.3,195.75 1 0
github.com/cisco/gpu-telemetry-pipeline/internal/mq/client.go:195.75,196.12 1 0
github.com/cisco/gpu-telemetry-pipeline/internal/mq/client.go:199.3,200.17 2 0
github.com/cisco/gpu-telemetry-pipeline/internal/mq/client.go:200.17,201.41 1 0
github.com/cisco/gpu-telemetry-pipeline/internal/mq/client.go:201.41,203.5 1 0
github.com/cisco/gpu-telemetry-pipeline/internal/mq/client.go:204.4,204.12 1 0
github.com/cisco/gpu-telemetry-pipeline/internal/mq/client.go:207.3,208.28 2 0
github.com/cisco/gpu-telemetry-pipeline/internal/mq/client.go:208.28,209.12 1 0
github.com/cisco/gpu-telemetry-pipeline/internal/mq/client.go:212.3,213.46 2 0
github.com/cisco/gpu-telemetry-pipeline/internal/mq/client.go:213.46,214.12 1 0
github.com/cisco/gpu-telemetry-pipeline/internal/mq/client.go:217.3,218.52 2 0
github.com/cisco/gpu-telemetry-pipeline/internal/mq/client.go:218.52,219.12 1 0
github.com/cisco/gpu-telemetry-pipeline/internal/mq/client.go:222.3,222.24 1 0
github.com/cisco/gpu-telemetry-pipeline/internal/mq/client.go:227.54,228.32 1 0
github.com/cisco/gpu-telemetry-pipeline/internal/mq/client.go:228.32,233.31 4 0
github.com/cisco/gpu-telemetry-pipeline/internal/mq/client.go:233.31,241.14 2 0
github.com/cisco/gpu-telemetry-pipeline/internal/mq/client.go:241.14,242.52 1 0
github.com/cisco/gpu-telemetry-pipeline/internal/mq/client.go:242.52,244.6 1 0
github.com/cisco/gpu-telemetry-pipeline/internal/mq/client.go:244.11,246.6 1 0
github.com/cisco/gpu-telemetry-pipeline/internal/mq/client.go:253.36,256.19 3 0
github.com/cisco/gpu-telemetry-pipeline/internal/mq/client.go:256.19,259.3 2 0
github.com/cisco/gpu-telemetry-pipeline/internal/mq/client.go:260.2,262.25 2 0
github.com/cisco/gpu-telemetry-pipeline/internal/mq/client.go:262.25,264.37 2 0
github.com/cisco/gpu-telemetry-pipeline/internal/mq/client.go:264.37,267.34 2 0
github.com/cisco/gpu-telemetry-pipeline/internal/mq/client.go:267.34,269.5 1 0
github.com/cisco/gpu-telemetry-pipeline/internal/mq/client.go:270.4,271.10 2 0
github.com/cisco/gpu-telemetry-pipeline/internal/mq/client.go:277.83,284.2 2 0
github.com/cisco/gpu-telemetry-pipeline/internal/mq/client.go:287.91,288.35 1 0
github.com/cisco/gpu-telemetry-pipeline/internal/mq/client.go:288.35,289.56 1 0
github.com/cisco/gpu-telemetry-pipeline/internal/mq/client.go:289.56,291.4 1 0
github.com/cisco/gpu-telemetry-pipeline/internal/mq/client.go:293.2,293.12 1 0
github.com/cisco/gpu-telemetry-pipeline/internal/mq/client.go:297.114,303.2 4 0
github.com/cisco/gpu-telemetry-pipeline/internal/mq/client.go:306.73,313.2 2 0
github.com/cisco/gpu-telemetry-pipeline/internal/mq/client.go:316.71,327.2 5 0
github.com/cisco/gpu-telemetry-pipeline/internal/mq/client.go:330.60,337.2 2 0
github.com/cisco/gpu-telemetry-pipeline/internal/mq/client.go:340.61,347.2 2 0
github.com/cisco/gpu-telemetry-pipeline/internal/mq/client.go:350.56,357.2 2 0
github.com/cisco/gpu-telemetry-pipeline/internal/mq/client.go:360.49,366.2 2 0
github.com/cisco/gpu-telemetry-pipeline/internal/mq/client.go:369.39,373.2 1 0
github.com/cisco/gpu-telemetry-pipeline/internal/mq/client.go:376.40,380.2 1 0
github.com/cisco/gpu-telemetry-pipeline/internal/mq/queue.go:57.56,65.2 1 1
github.com/cisco/gpu-telemetry-pipeline/internal/mq/queue.go:68.36,80.31 3 1
github.com/cisco/gpu-telemetry-pipeline/internal/mq/queue.go:80.31,82.3 1 1
github.com/cisco/gpu-telemetry-pipeline/internal/mq/queue.go:83.2,83.14 1 1
github.com/cisco/gpu-telemetry-pipeline/internal/mq/queue.go:87.44,89.2 1 1
github.com/cisco/gpu-telemetry-pipeline/internal/mq/queue.go:92.47,94.2 1 1
github.com/cisco/gpu-telemetry-pipeline/internal/mq/queue.go:124.50,133.2 1 1
github.com/cisco/gpu-telemetry-pipeline/internal/mq/queue.go:248.39,255.2 1 1
github.com/cisco/gpu-telemetry-pipeline/internal/mq/queue.go:258.58,270.2 2 1
github.com/cisco/gpu-telemetry-pipeline/internal/mq/queue.go:273.58,274.22 1 1
github.com/cisco/gpu-telemetry-pipeline/internal/mq/queue.go:274.22,276.3 1 0
github.com/cisco/gpu-telemetry-pipeline/internal/mq/queue.go:277.2,279.12 3 1
github.com/cisco/gpu-telemetry-pipeline/internal/mq/queue.go:283.61,284.23 1 1
github.com/cisco/gpu-telemetry-pipeline/internal/mq/queue.go:284.23,286.3 1 0
github.com/cisco/gpu-telemetry-pipeline/internal/mq/queue.go:287.2,292.12 4 1
github.com/cisco/gpu-telemetry-pipeline/internal/mq/queue.go:292.12,296.3 3 1
github.com/cisco/gpu-telemetry-pipeline/internal/mq/queue.go:298.2,298.9 1 1
github.com/cisco/gpu-telemetry-pipeline/internal/mq/queue.go:299.14,300.13 1 1
github.com/cisco/gpu-telemetry-pipeline/internal/mq/queue.go:301.20,302.19 1 0
github.com/cisco/gpu-telemetry-pipeline/internal/mq/queue.go:307.63,311.48 3 1
github.com/cisco/gpu-telemetry-pipeline/internal/mq/queue.go:311.48,313.3 1 1
github.com/cisco/gpu-telemetry-pipeline/internal/mq/queue.go:315.2,315.28 1 1
github.com/cisco/gpu-telemetry-pipeline/internal/mq/queue.go:315.28,317.3 1 0
github.com/cisco/gpu-telemetry-pipeline/internal/mq/queue.go:318.2,318.28 1 1
github.com/cisco/gpu-telemetry-pipeline/internal/mq/queue.go:318.28,320.3 1 0
github.com/cisco/gpu-telemetry-pipeline/internal/mq/queue.go:322.2,332.41 2 1
github.com/cisco/gpu-telemetry-pipeline/internal/mq/queue.go:332.41,337.3 1 1
github.com/cisco/gpu-telemetry-pipeline/internal/mq/queue.go:339.2,341.12 3 1
github.com/cisco/gpu-telemetry-pipeline/internal/mq/queue.go:345.56,350.13 4 1
github.com/cisco/gpu-telemetry-pipeline/internal/mq/queue.go:350.13,352.3 1 1
github.com/cisco/gpu-telemetry-pipeline/internal/mq/queue.go:355.2,355.33 1 1
github.com/cisco/gpu-telemetry-pipeline/internal/mq/queue.go:355.33,357.3 1 1
github.com/cisco/gpu-telemetry-pipeline/internal/mq/queue.go:359.2,361.12 3 1
github.com/cisco/gpu-telemetry-pipeline/internal/mq/queue.go:365.46,370.29 4 1
github.com/cisco/gpu-telemetry-pipeline/internal/mq/queue.go:370.29,372.3 1 1
github.com/cisco/gpu-telemetry-pipeline/internal/mq/queue.go:373.2,373.15 1 1
github.com/cisco/gpu-telemetry-pipeline/internal/mq/queue.go:377.94,378.23 1 1
github.com/cisco/gpu-telemetry-pipeline/internal/mq/queue.go:378.23,380.3 1 1
github.com/cisco/gpu-telemetry-pipeline/internal/mq/queue.go:382.2,386.13 4 1
github.com/cisco/gpu-telemetry-pipeline/internal/mq/queue.go:386.13,388.3 1 1
github.com/cisco/gpu-telemetry-pipeline/internal/mq/queue.go:390.2,399.9 6 1
github.com/cisco/gpu-telemetry-pipeline/internal/mq/queue.go:400.25,405.13 5 1
github.com/cisco/gpu-telemetry-pipeline/internal/mq/queue.go:406.20,407.19 1 0
github.com/cisco/gpu-telemetry-pipeline/internal/mq/queue.go:408.45,409.27 1 0
github.com/cisco/gpu-telemetry-pipeline/internal/mq/queue.go:414.102,415.35 1 1
github.com/cisco/gpu-telemetry-pipeline/internal/mq/queue.go:415.35,416.60 1 1
github.com/cisco/gpu-telemetry-pipeline/internal/mq/queue.go:416.60,418.4 1 0
github.com/cisco/gpu-telemetry-pipeline/internal/mq/queue.go:420.2,420.12 1 1
github.com/cisco/gpu-telemetry-pipeline/internal/mq/queue.go:424.125,427.13 3 1
github.com/cisco/gpu-telemetry-pipeline/internal/mq/queue.go:427.13,430.3 2 0
github.com/cisco/gpu-telemetry-pipeline/internal/mq/queue.go:432.2,433.54 2 1
github.com/cisco/gpu-telemetry-pipeline/internal/mq/queue.go:433.54,437.3 3 0
github.com/cisco/gpu-telemetry-pipeline/internal/mq/queue.go:438.2,444.33 5 1
github.com/cisco/gpu-telemetry-pipeline/internal/mq/queue.go:444.33,447.3 2 1
github.com/cisco/gpu-telemetry-pipeline/internal/mq/queue.go:449.2,449.12 1 1
github.com/cisco/gpu-telemetry-pipeline/internal/mq/queue.go:453.132,456.6 2 1
github.com/cisco/gpu-telemetry-pipeline/internal/mq/queue.go:456.6,457.10 1 1
github.com/cisco/gpu-telemetry-pipeline/internal/mq/queue.go:458.21,459.10 1 1
github.com/cisco/gpu-telemetry-pipeline/internal/mq/queue.go:460.23,461.10 1 1
github.com/cisco/gpu-telemetry-pipeline/internal/mq/queue.go:462.32,463.11 1 1
github.com/cisco/gpu-telemetry-pipeline/internal/mq/queue.go:463.11,465.5 1 0
github.com/cisco/gpu-telemetry-pipeline/internal/mq/queue.go:468.4,471.31 2 1
github.com/cisco/gpu-telemetry-pipeline/internal/mq/queue.go:471.31,473.19 2 1
github.com/cisco/gpu-telemetry-pipeline/internal/mq/queue.go:473.19,475.6 1 0
github.com/cisco/gpu-telemetry-pipeline/internal/mq/queue.go:475.11,482.6 6 1
github.com/cisco/gpu-telemetry-pipeline/internal/mq/queue.go:489.75,492.35 2 0
github.com/cisco/gpu-telemetry-pipeline/internal/mq/queue.go:492.35,494.37 1 0
github.com/cisco/gpu-telemetry-pipeline/internal/mq/queue.go:494.37,496.4 1 0
github.com/cisco/gpu-telemetry-pipeline/internal/mq/queue.go:497.3,503.9 7 0
github.com/cisco/gpu-telemetry-pipeline/internal/mq/queue.go:507.2,507.12 1 0
github.com/cisco/gpu-telemetry-pipeline/internal/mq/queue.go:507.12,508.10 1 0
github.com/cisco/gpu-telemetry-pipeline/internal/mq/queue.go:509.42,511.11 2 0
github.com/cisco/gpu-telemetry-pipeline/internal/mq/queue.go:512.27,512.27 0 0
github.com/cisco/gpu-telemetry-pipeline/internal/mq/queue.go:514.12,521.48 6 0
github.com/cisco/gpu-telemetry-pipeline/internal/mq/queue.go:523.23,524.10 1 0
github.com/cisco/gpu-telemetry-pipeline/internal/mq/queue.go:530.82,535.13 4 1
github.com/cisco/gpu-telemetry-pipeline/internal/mq/queue.go:535.13,537.3 1 1
github.com/cisco/gpu-telemetry-pipeline/internal/mq/queue.go:539.2,544.12 5 1
github.com/cisco/gpu-telemetry-pipeline/internal/mq/queue.go:548.47,560.32 4 1
github.com/cisco/gpu-telemetry-pipeline/internal/mq/queue.go:560.32,570.3 1 1
github.com/cisco/gpu-telemetry-pipeline/internal/mq/queue.go:572.2,572.14 1 1
github.com/cisco/gpu-telemetry-pipeline/internal/mq/server.go:48.41,56.2 1 0
github.com/cisco/gpu-telemetry-pipeline/internal/mq/server.go:59.65,60.19 1 0
github.com/cisco/gpu-telemetry-pipeline/internal/mq/server.go:60.19,62.3 1 0
github.com/cisco/gpu-telemetry-pipeline/internal/mq/server.go:64.2,75.3 3 0
github.com/cisco/gpu-telemetry-pipeline/internal/mq/server.go:79.32,81.45 1 0
github.com/cisco/gpu-telemetry-pipeline/internal/mq/server.go:81.45,83.3 1 0
github.com/cisco/gpu-telemetry-pipeline/internal/mq/server.go:86.2,86.110 1 0
github.com/cisco/gpu-telemetry-pipeline/internal/mq/server.go:86.110,88.3 1 0
github.com/cisco/gpu-telemetry-pipeline/internal/mq/server.go:91.2,92.16 2 0
github.com/cisco/gpu-telemetry-pipeline/internal/mq/server.go:92.16,94.3 1 0
github.com/cisco/gpu-telemetry-pipeline/internal/mq/server.go:95.2,110.12 9 0
github.com/cisco/gpu-telemetry-pipeline/internal/mq/server.go:110.12,113.72 3 0
github.com/cisco/gpu-telemetry-pipeline/internal/mq/server.go:113.72,115.4 1 0
github.com/cisco/gpu-telemetry-pipeline/internal/mq/server.go:119.2,122.12 3 0
github.com/cisco/gpu-telemetry-pipeline/internal/mq/server.go:126.50,130.26 2 0
github.com/cisco/gpu-telemetry-pipeline/internal/mq/server.go:130.26,132.3 1 0
github.com/cisco/gpu-telemetry-pipeline/internal/mq/server.go:135.2,136.30 2 0
github.com/cisco/gpu-telemetry-pipeline/internal/mq/server.go:136.30,138.3 1 0
github.com/cisco/gpu-telemetry-pipeline/internal/mq/server.go:139.2,142.25 2 0
github.com/cisco/gpu-telemetry-pipeline/internal/mq/server.go:142.25,144.3 1 0
github.com/cisco/gpu-telemetry-pipeline/internal/mq/server.go:147.2,151.12 3 0
github.com/cisco/gpu-telemetry-pipeline/internal/mq/server.go:151.12,154.3 2 0
github.com/cisco/gpu-telemetry-pipeline/internal/mq/server.go:156.2,156.9 1 0
github.com/cisco/gpu-telemetry-pipeline/internal/mq/server.go:157.14,158.13 1 0
github.com/cisco/gpu-telemetry-pipeline/internal/mq/server.go:159.20,160.19 1 0
github.com/cisco/gpu-telemetry-pipeline/internal/mq/server.go:165.31,168.6 2 0
github.com/cisco/gpu-telemetry-pipeline/internal/mq/server.go:168.6,169.10 1 0
github.com/cisco/gpu-telemetry-pipeline/internal/mq/server.go:170.23,171.10 1 0
github.com/cisco/gpu-telemetry-pipeline/internal/mq/server.go:172.11,172.11 0 0
github.com/cisco/gpu-telemetry-pipeline/internal/mq/server.go:175.3,176.17 2 0
github.com/cisco/gpu-telemetry-pipeline/internal/mq/server.go:176.17,177.26 1 0
github.com/cisco/gpu-telemetry-pipeline/internal/mq/server.go:177.26,179.5 1 0
github.com/cisco/gpu-telemetry-pipeline/internal/mq/server.go:180.4,181.12 2 0
github.com/cisco/gpu-telemetry-pipeline/internal/mq/server.go:184.3,192.26 5 0
github.com/cisco/gpu-telemetry-pipeline/internal/mq/server.go:197.46,199.15 2 0
github.com/cisco/gpu-telemetry-pipeline/internal/mq/server.go:199.15,204.3 4 0
github.com/cisco/gpu-telemetry-pipeline/internal/mq/server.go:206.2,209.6 3 0
github.com/cisco/gpu-telemetry-pipeline/internal/mq/server.go:209.6,210.10 1 0
github.com/cisco/gpu-telemetry-pipeline/internal/mq/server.go:211.23,212.10 1 0
github.com/cisco/gpu-telemetry-pipeline/internal/mq/server.go:213.11,213.11 0 0
github.com/cisco/gpu-telemetry-pipeline/internal/mq/server.go:217.3,221.17 3 0
github.com/cisco/gpu-telemetry-pipeline/internal/mq/server.go:221.17,222.43 1 0
github.com/cisco/gpu-telemetry-pipeline/internal/mq/server.go:222.43,224.5 1 0
github.com/cisco/gpu-telemetry-pipeline/internal/mq/server.go:225.4,225.10 1 0
github.com/cisco/gpu-telemetry-pipeline/internal/mq/server.go:228.3,229.28 2 0
github.com/cisco/gpu-telemetry-pipeline/internal/mq/server.go:229.28,231.12 2 0
github.com/cisco/gpu-telemetry-pipeline/internal/mq/server.go:235.3,237.17 3 0
github.com/cisco/gpu-telemetry-pipeline/internal/mq/server.go:237.17,240.4 2 0
github.com/cisco/gpu-telemetry-pipeline/internal/mq/server.go:242.3,243.52 2 0
github.com/cisco/gpu-telemetry-pipeline/internal/mq/server.go:243.52,245.12 2 0
github.com/cisco/gpu-telemetry-pipeline/internal/mq/server.go:248.3,248.30 1 0
github.com/cisco/gpu-telemetry-pipeline/internal/mq/server.go:253.69,254.18 1 0
github.com/cisco/gpu-telemetry-pipeline/internal/mq/server.go:255.22,256.29 1 0
github.com/cisco/gpu-telemetry-pipeline/internal/mq/server.go:257.24,258.31 1 0
github.com/cisco/gpu-telemetry-pipeline/internal/mq/server.go:259.26,260.33 1 0
github.com/cisco/gpu-telemetry-pipeline/internal/mq/server.go:261.18,262.25 1 0
github.com/cisco/gpu-telemetry-pipeline/internal/mq/server.go:263.19,264.26 1 0
github.com/cisco/gpu-telemetry-pipeline/internal/mq/server.go:265.26,266.33 1 0
github.com/cisco/gpu-telemetry-pipeline/internal/mq/server.go:267.26,268.33 1 0
github.com/cisco/gpu-telemetry-pipeline/internal/mq/server.go:269.23,270.30 1 0
github.com/cisco/gpu-telemetry-pipeline/internal/mq/server.go:271.10,272.44 1 0
github.com/cisco/gpu-telemetry-pipeline/internal/mq/server.go:277.69,279.16 2 0
github.com/cisco/gpu-telemetry-pipeline/internal/mq/server.go:279.16,282.3 2 0
github.com/cisco/gpu-telemetry-pipeline/internal/mq/server.go:283.2,283.32 1 0
github.com/cisco/gpu-telemetry-pipeline/internal/mq/server.go:287.71,292.19 4 0
github.com/cisco/gpu-telemetry-pipeline/internal/mq/server.go:292.19,295.3 2 0
github.com/cisco/gpu-telemetry-pipeline/internal/mq/server.go:297.2,298.24 2 0
github.com/cisco/gpu-telemetry-pipeline/internal/mq/server.go:298.24,300.3 1 0
github.com/cisco/gpu-telemetry-pipeline/internal/mq/server.go:302.2,302.64 1 0
github.com/cisco/gpu-telemetry-pipeline/internal/mq/server.go:302.64,311.3 2 0
github.com/cisco/gpu-telemetry-pipeline/internal/mq/server.go:313.2,314.16 2 0
github.com/cisco/gpu-telemetry-pipeline/internal/mq/server.go:314.16,317.3 2 0
github.com/cisco/gpu-telemetry-pipeline/internal/mq/server.go:319.2,323.32 4 0
github.com/cisco/gpu-telemetry-pipeline/internal/mq/server.go:327.73,332.19 4 0
github.com/cisco/gpu-telemetry-pipeline/internal/mq/server.go:332.19,335.3 2 0
github.com/cisco/gpu-telemetry-pipeline/internal/mq/server.go:337.2,342.24 5 0
github.com/cisco/gpu-telemetry-pipeline/internal/mq/server.go:342.24,344.3 1 0
github.com/cisco/gpu-telemetry-pipeline/internal/mq/server.go:346.2,347.16 2 0
github.com/cisco/gpu-telemetry-pipeline/internal/mq/server.go:347.16,350.3 2 0
github.com/cisco/gpu-telemetry-pipeline/internal/mq/server.go:352.2,352.32 1 0
github.com/cisco/gpu-telemetry-pipeline/internal/mq/server.go:356.65,359.2 1 0
github.com/cisco/gpu-telemetry-pipeline/internal/mq/server.go:362.66,365.2 1 0
github.com/cisco/gpu-telemetry-pipeline/internal/mq/server.go:368.73,370.23 2 0
github.com/cisco/gpu-telemetry-pipeline/internal/mq/server.go:370.23,372.3 1 0
github.com/cisco/gpu-telemetry-pipeline/internal/mq/server.go:374.2,375.16 2 0
github.com/cisco/gpu-telemetry-pipeline/internal/mq/server.go:375.16,378.3 2 0
github.com/cisco/gpu-telemetry-pipeline/internal/mq/server.go:380.2,380.32 1 0
github.com/cisco/gpu-telemetry-pipeline/internal/mq/server.go:384.73,386.16 2 0
github.com/cisco/gpu-telemetry-pipeline/internal/mq/server.go:386.16,389.3 2 0
github.com/cisco/gpu-telemetry-pipeline/internal/mq/server.go:391.2,391.32 1 0
github.com/cisco/gpu-telemetry-pipeline/internal/mq/server.go:395.70,405.2 4 0
github.com/cisco/gpu-telemetry-pipeline/internal/mq/server.go:408.77,415.2 2 0
github.com/cisco/gpu-telemetry-pipeline/internal/mq/server.go:418.60,424.2 2 0
github.com/cisco/gpu-telemetry-pipeline/internal/mq/server.go:427.74,429.16 2 0
github.com/cisco/gpu-telemetry-pipeline/internal/mq/server.go:429.16,431.3 1 0
github.com/cisco/gpu-telemetry-pipeline/internal/mq/server.go:433.2,443.46 4 0
github.com/cisco/gpu-telemetry-pipeline/internal/mq/server.go:443.46,445.3 1 0
github.com/cisco/gpu-telemetry-pipeline/internal/mq/server.go:446.2,446.44 1 0
github.com/cisco/gpu-telemetry-pipeline/internal/mq/server.go:446.44,448.3 1 0
github.com/cisco/gpu-telemetry-pipeline/internal/mq/server.go:450.2,450.12 1 0
github.com/cisco/gpu-telemetry-pipeline/internal/mq/server.go:455.71,460.2 2 0
github.com/cisco/gpu-telemetry-pipeline/internal/mq/server.go:462.70,466.2 3 0
github.com/cisco/gpu-telemetry-pipeline/internal/mq/server.go:468.71,469.18 1 0
github.com/cisco/gpu-telemetry-pipeline/internal/mq/server.go:470.22,475.5 3 0
github.com/cisco/gpu-telemetry-pipeline/internal/mq/server.go:476.23,478.65 2 0
github.com/cisco/gpu-telemetry-pipeline/internal/mq/server.go:478.65,481.4 2 0
github.com/cisco/gpu-telemetry-pipeline/internal/mq/server.go:482.3,482.53 1 0
github.com/cisco/gpu-telemetry-pipeline/internal/mq/server.go:482.53,485.4 2 0
github.com/cisco/gpu-telemetry-pipeline/internal/mq/server.go:486.3,486.36 1 0
github.com/cisco/gpu-telemetry-pipeline/internal/mq/server.go:487.10,488.67 1 0
github.com/cisco/gpu-telemetry-pipeline/internal/mq/server.go:493.44,495.2 1 0
github.com/cisco/gpu-telemetry-pipeline/internal/mq/worker.go:19.45,20.18 1 1
github.com/cisco/gpu-telemetry-pipeline/internal/mq/worker.go:20.18,22.3 1 1
github.com/cisco/gpu-telemetry-pipeline/internal/mq/worker.go:23.2,27.3 1 1
github.com/cisco/gpu-telemetry-pipeline/internal/mq/worker.go:31.31,35.23 3 1
github.com/cisco/gpu-telemetry-pipeline/internal/mq/worker.go:35.23,37.3 1 1
github.com/cisco/gpu-telemetry-pipeline/internal/mq/worker.go:38.2,40.34 2 1
github.com/cisco/gpu-telemetry-pipeline/internal/mq/worker.go:40.34,43.3 2 1
github.com/cisco/gpu-telemetry-pipeline/internal/mq/worker.go:47.32,49.32 2 1
github.com/cisco/gpu-telemetry-pipeline/internal/mq/worker.go:49.32,50.18 1 1
github.com/cisco/gpu-telemetry-pipeline/internal/mq/worker.go:50.18,52.4 1 1
github.com/cisco/gpu-telemetry-pipeline/internal/mq/worker.go:58.43,59.24 1 1
github.com/cisco/gpu-telemetry-pipeline/internal/mq/worker.go:59.24,61.3 1 1
github.com/cisco/gpu-telemetry-pipeline/internal/mq/worker.go:62.2,62.21 1 1
github.com/cisco/gpu-telemetry-pipeline/internal/mq/worker.go:67.51,68.24 1 1
github.com/cisco/gpu-telemetry-pipeline/internal/mq/worker.go:68.24,70.3 1 1
github.com/cisco/gpu-telemetry-pipeline/internal/mq/worker.go:71.2,71.9 1 1
github.com/cisco/gpu-telemetry-pipeline/internal/mq/worker.go:72.27,73.14 1 1
github.com/cisco/gpu-telemetry-pipeline/internal/mq/worker.go:74.10,75.15 1 0
github.com/cisco/gpu-telemetry-pipeline/internal/mq/worker.go:81.34,83.24 2 1
github.com/cisco/gpu-telemetry-pipeline/internal/mq/worker.go:83.24,86.3 2 1
github.com/cisco/gpu-telemetry-pipeline/internal/mq/worker.go:87.2,91.14 4 1
github.com/cisco/gpu-telemetry-pipeline/internal/mq/worker.go:95.41,97.2 1 1
github.com/cisco/gpu-telemetry-pipeline/internal/mq/worker.go:100.37,102.2 1 1
github.com/cisco/gpu-telemetry-pipeline/internal/mq/worker.go:105.40,107.2 1 1
github.com/cisco/gpu-telemetry-pipeline/internal/mq/worker.go:112.46,113.49 1 1
github.com/cisco/gpu-telemetry-pipeline/internal/mq/worker.go:113.49,115.3 1 1
github.com/cisco/gpu-telemetry-pipeline/internal/mq/worker.go:117.2,123.16 4 1
github.com/cisco/gpu-telemetry-pipeline/internal/mq/worker.go:123.16,127.3 3 1
github.com/cisco/gpu-telemetry-pipeline/internal/mq/worker.go:130.2,134.16 4 1
github.com/cisco/gpu-telemetry-pipeline/internal/mq/worker.go:134.16,136.35 2 1
github.com/cisco/gpu-telemetry-pipeline/internal/mq/worker.go:136.35,139.4 2 1
github.com/cisco/gpu-telemetry-pipeline/internal/parser/csv.go:42.56,44.16 2 1
github.com/cisco/gpu-telemetry-pipeline/internal/parser/csv.go:44.16,46.3 1 1
github.com/cisco/gpu-telemetry-pipeline/internal/parser/csv.go:48.2,55.16 6 1
github.com/cisco/gpu-telemetry-pipeline/internal/parser/csv.go:55.16,58.3 2 0
github.com/cisco/gpu-telemetry-pipeline/internal/parser/csv.go:61.2,62.28 2 1
github.com/cisco/gpu-telemetry-pipeline/internal/parser/csv.go:62.28,64.3 1 1
github.com/cisco/gpu-telemetry-pipeline/internal/parser/csv.go:66.2,72.8 1 1
github.com/cisco/gpu-telemetry-pipeline/internal/parser/csv.go:76.35,77.19 1 1
github.com/cisco/gpu-telemetry-pipeline/internal/parser/csv.go:77.19,79.3 1 1
github.com/cisco/gpu-telemetry-pipeline/internal/parser/csv.go:80.2,80.12 1 0
github.com/cisco/gpu-telemetry-pipeline/internal/parser/csv.go:84.35,85.19 1 1
github.com/cisco/gpu-telemetry-pipeline/internal/parser/csv.go:85.19,87.3 1 1
github.com/cisco/gpu-telemetry-pipeline/internal/parser/csv.go:89.2,90.16 2 1
github.com/cisco/gpu-telemetry-pipeline/internal/parser/csv.go:90.16,92.3 1 0
github.com/cisco/gpu-telemetry-pipeline/internal/parser/csv.go:94.2,101.43 6 1
github.com/cisco/gpu-telemetry-pipeline/internal/parser/csv.go:101.43,103.3 1 0
github.com/cisco/gpu-telemetry-pipeline/internal/parser/csv.go:105.2,105.12 1 1
github.com/cisco/gpu-telemetry-pipeline/internal/parser/csv.go:110.59,112.19 2 1
github.com/cisco/gpu-telemetry-pipeline/internal/parser/csv.go:112.19,114.3 1 1
github.com/cisco/gpu-telemetry-pipeline/internal/parser/csv.go:115.2,115.16 1 1
github.com/cisco/gpu-telemetry-pipeline/internal/parser/csv.go:115.16,117.3 1 0
github.com/cisco/gpu-telemetry-pipeline/internal/parser/csv.go:119.2,119.30 1 1
github.com/cisco/gpu-telemetry-pipeline/internal/parser/csv.go:123.67,126.25 2 1
github.com/cisco/gpu-telemetry-pipeline/internal/parser/csv.go:126.25,128.17 2 1
github.com/cisco/gpu-telemetry-pipeline/internal/parser/csv.go:128.17,130.4 1 0
github.com/cisco/gpu-telemetry-pipeline/internal/parser/csv.go:131.3,131.20 1 1
github.com/cisco/gpu-telemetry-pipeline/internal/parser/csv.go:131.20,132.9 1 1
github.com/cisco/gpu-telemetry-pipeline/internal/parser/csv.go:134.3,134.36 1 1
github.com/cisco/gpu-telemetry-pipeline/internal/parser/csv.go:137.2,137.21 1 1
github.com/cisco/gpu-telemetry-pipeline/internal/parser/csv.go:141.60,144.6 2 1
github.com/cisco/gpu-telemetry-pipeline/internal/parser/csv.go:144.6,146.17 2 1
github.com/cisco/gpu-telemetry-pipeline/internal/parser/csv.go:146.17,148.4 1 0
github.com/cisco/gpu-telemetry-pipeline/internal/parser/csv.go:149.3,149.20 1 1
github.com/cisco/gpu-telemetry-pipeline/internal/parser/csv.go:149.20,150.9 1 1
github.com/cisco/gpu-telemetry-pipeline/internal/parser/csv.go:152.3,152.36 1 1
github.com/cisco/gpu-telemetry-pipeline/internal/parser/csv.go:155.2,155.21 1 1
github.com/cisco/gpu-telemetry-pipeline/internal/parser/csv.go:159.77,167.39 2 1
github.com/cisco/gpu-telemetry-pipeline/internal/parser/csv.go:167.39,168.77 1 1
github.com/cisco/gpu-telemetry-pipeline/internal/parser/csv.go:168.77,170.4 1 1
github.com/cisco/gpu-telemetry-pipeline/internal/parser/csv.go:171.3,171.12 1 0
github.com/cisco/gpu-telemetry-pipeline/internal/parser/csv.go:175.2,185.52 9 1
github.com/cisco/gpu-telemetry-pipeline/internal/parser/csv.go:185.52,186.55 1 1
github.com/cisco/gpu-telemetry-pipeline/internal/parser/csv.go:186.55,188.4 1 1
github.com/cisco/gpu-telemetry-pipeline/internal/parser/csv.go:192.2,192.51 1 1
github.com/cisco/gpu-telemetry-pipeline/internal/parser/csv.go:192.51,193.65 1 1
github.com/cisco/gpu-telemetry-pipeline/internal/parser/csv.go:193.65,195.4 1 1
github.com/cisco/gpu-telemetry-pipeline/internal/parser/csv.go:199.2,199.58 1 1
github.com/cisco/gpu-telemetry-pipeline/internal/parser/csv.go:199.58,201.3 1 1
github.com/cisco/gpu-telemetry-pipeline/internal/parser/csv.go:204.2,204.23 1 1
github.com/cisco/gpu-telemetry-pipeline/internal/parser/csv.go:204.23,206.3 1 1
github.com/cisco/gpu-telemetry-pipeline/internal/parser/csv.go:207.2,207.29 1 1
github.com/cisco/gpu-telemetry-pipeline/internal/parser/csv.go:207.29,209.3 1 0
github.com/cisco/gpu-telemetry-pipeline/internal/parser/csv.go:211.2,211.20 1 1
github.com/cisco/gpu-telemetry-pipeline/internal/parser/csv.go:216.48,221.29 3 1
github.com/cisco/gpu-telemetry-pipeline/internal/parser/csv.go:221.29,223.47 2 1
github.com/cisco/gpu-telemetry-pipeline/internal/parser/csv.go:223.47,228.17 4 1
github.com/cisco/gpu-telemetry-pipeline/internal/parser/csv.go:228.17,230.5 1 1
github.com/cisco/gpu-telemetry-pipeline/internal/parser/csv.go:234.2,234.15 1 1
github.com/cisco/gpu-telemetry-pipeline/internal/parser/csv.go:238.49,240.16 2 1
github.com/cisco/gpu-telemetry-pipeline/internal/parser/csv.go:240.16,242.3 1 0
github.com/cisco/gpu-telemetry-pipeline/internal/parser/csv.go:243.2,250.41 5 1
github.com/cisco/gpu-telemetry-pipeline/internal/parser/csv.go:250.41,252.3 1 0
github.com/cisco/gpu-telemetry-pipeline/internal/parser/csv.go:254.2,255.6 2 1
github.com/cisco/gpu-telemetry-pipeline/internal/parser/csv.go:255.6,257.20 2 1
github.com/cisco/gpu-telemetry-pipeline/internal/parser/csv.go:257.20,258.9 1 1
github.com/cisco/gpu-telemetry-pipeline/internal/parser/csv.go:260.3,260.17 1 1
github.com/cisco/gpu-telemetry-pipeline/internal/parser/csv.go:260.17,262.4 1 0
github.com/cisco/gpu-telemetry-pipeline/internal/parser/csv.go:263.3,263.10 1 1
github.com/cisco/gpu-telemetry-pipeline/internal/parser/csv.go:266.2,266.19 1 1
github.com/cisco/gpu-telemetry-pipeline/internal/parser/csv.go:270.41,272.16 2 1
github.com/cisco/gpu-telemetry-pipeline/internal/parser/csv.go:272.16,274.3 1 0
github.com/cisco/gpu-telemetry-pipeline/internal/parser/csv.go:275.2,279.31 3 1
github.com/cisco/gpu-telemetry-pipeline/internal/parser/csv.go:279.31,280.42 1 1
github.com/cisco/gpu-telemetry-pipeline/internal/parser/csv.go:280.42,282.4 1 1
github.com/cisco/gpu-telemetry-pipeline/internal/parser/csv.go:286.2,287.16 2 1
github.com/cisco/gpu-telemetry-pipeline/internal/parser/csv.go:287.16,289.3 1 0
github.com/cisco/gpu-telemetry-pipeline/internal/parser/csv.go:290.2,290.19 1 1
github.com/cisco/gpu-telemetry-pipeline/internal/parser/csv.go:290.19,292.3 1 1
github.com/cisco/gpu-telemetry-pipeline/internal/parser/csv.go:294.2,294.12 1 1
github.com/cisco/gpu-telemetry-pipeline/internal/api/router.go:29.41,36.2 1 0
github.com/cisco/gpu-telemetry-pipeline/internal/api/router.go:39.72,57.26 10 0
github.com/cisco/gpu-telemetry-pipeline/internal/api/router.go:57.26,59.3 1 0
github.com/cisco/gpu-telemetry-pipeline/internal/api/router.go:62.2,63.2 2 0
github.com/cisco/gpu-telemetry-pipeline/internal/api/router.go:63.2,66.3 2 0
github.com/cisco/gpu-telemetry-pipeline/internal/api/router.go:66.3,70.4 3 0
github.com/cisco/gpu-telemetry-pipeline/internal/api/router.go:73.3,73.42 1 0
github.com/cisco/gpu-telemetry-pipeline/internal/api/router.go:76.2,76.15 1 0
github.com/cisco/gpu-telemetry-pipeline/internal/api/router.go:80.62,81.30 1 0
github.com/cisco/gpu-telemetry-pipeline/internal/api/router.go:81.30,86.36 3 0
github.com/cisco/gpu-telemetry-pipeline/internal/api/router.go:86.36,87.31 1 0
github.com/cisco/gpu-telemetry-pipeline/internal/api/router.go:87.31,89.10 2 0
github.com/cisco/gpu-telemetry-pipeline/internal/api/router.go:93.3,93.14 1 0
github.com/cisco/gpu-telemetry-pipeline/internal/api/router.go:93.14,95.4 1 0
github.com/cisco/gpu-telemetry-pipeline/internal/api/router.go:97.3,101.36 4 0
github.com/cisco/gpu-telemetry-pipeline/internal/api/router.go:101.36,104.4 2 0
github.com/cisco/gpu-telemetry-pipeline/internal/api/router.go:106.3,106.11 1 0
